2022-09-21 - ETL_task-2022-09-21 - *-----------EXTRACT TASK-----------*
2022-09-21 - ETL_task-2022-09-21 - Extracting data from OT303-13-VillaMaria.sql
2022-09-21 - ETL_task-2022-09-21 - Writing information to csv.
2022-09-21 - ETL_task-2022-09-21 - Extracting data from OT303-13-Flores.sql
2022-09-21 - ETL_task-2022-09-21 - Writing information to csv.
2022-09-21 - ETL_task-2022-09-21 - Extracting data from database.
2022-09-21 - ETL_task-2022-09-21 - Data extracted successfully.
2022-09-21 - ETL_task-2022-09-21 - *-----------TRANSFORM TASK-----------*
2022-09-21 - ETL_task-2022-09-21 - Transform data from dataframe/csv.
2022-09-21 - ETL_task-2022-09-21 - Data transformed successfully.
2022-09-21 - ETL_task-2022-09-21 - *-----------LOAD TASK-----------*
2022-09-21 - ETL_task-2022-09-21 - Loading data to S3.
2022-09-21 - ETL_task-2022-09-21 - Data loaded to S3 succesfully.
2022-09-21 - ETL_task-2022-09-21 - *-----------EXTRACT TASK-----------*
2022-09-21 - ETL_task-2022-09-21 - Extracting data from OT303-13-VillaMaria.sql
2022-09-21 - ETL_task-2022-09-21 - Writing information to csv.
2022-09-21 - ETL_task-2022-09-21 - Extracting data from OT303-13-Flores.sql
2022-09-21 - ETL_task-2022-09-21 - Writing information to csv.
2022-09-21 - ETL_task-2022-09-21 - Extracting data from database.
2022-09-21 - ETL_task-2022-09-21 - Data extracted successfully.
2022-09-21 - ETL_task-2022-09-21 - *-----------TRANSFORM TASK-----------*
2022-09-21 - ETL_task-2022-09-21 - Transform data from dataframe/csv.
2022-09-21 - ETL_task-2022-09-21 - Data transformed successfully.
2022-09-21 - ETL_task-2022-09-21 - *-----------LOAD TASK-----------*
2022-09-21 - ETL_task-2022-09-21 - Loading data to S3.
2022-09-21 - ETL_task-2022-09-21 - Data loaded to S3 succesfully.
